<?xml version="1.0" encoding="UTF-8"?>
<testsuite name="RpsTest" tests="4" skipped="0" failures="0" errors="0" timestamp="2016-09-07T16:44:48" hostname="epicodus-25.local" time="0.003">
  <properties/>
  <testcase name="whoWon_rockVsScissors_String" classname="RpsTest" time="0.001"/>
  <testcase name="whoWon_paperVsrock_String" classname="RpsTest" time="0.0"/>
  <testcase name="whoWon_paperVspaper_String" classname="RpsTest" time="0.0"/>
  <testcase name="whoWon_paperVsScissors_String" classname="RpsTest" time="0.0"/>
  <system-out><![CDATA[]]></system-out>
  <system-err><![CDATA[]]></system-err>
</testsuite>
