<?xml version="1.0" encoding="UTF-8"?>
<testsuite name="RpsTest" tests="5" skipped="0" failures="0" errors="0" timestamp="2016-09-07T17:12:41" hostname="epicodus-25.local" time="0.005">
  <properties/>
  <testcase name="whoWon_rockVsScissors_String" classname="RpsTest" time="0.0"/>
  <testcase name="whoWon_paperVsrock_String" classname="RpsTest" time="0.0"/>
  <testcase name="whoWon_paperVspaper_String" classname="RpsTest" time="0.0"/>
  <testcase name="whoWon_paperVsScissors_String" classname="RpsTest" time="0.0"/>
  <testcase name="computerChooses_shouldBeAString_true" classname="RpsTest" time="0.004"/>
  <system-out><![CDATA[]]></system-out>
  <system-err><![CDATA[]]></system-err>
</testsuite>
